#! /c/Source/iverilog-install/bin/vvp
:ivl_version "12.0 (devel)" "(s20150603-1539-g2693dd32b)";
:ivl_delay_selection "TYPICAL";
:vpi_time_precision - 12;
:vpi_module "C:\iverilog\lib\ivl\system.vpi";
:vpi_module "C:\iverilog\lib\ivl\vhdl_sys.vpi";
:vpi_module "C:\iverilog\lib\ivl\vhdl_textio.vpi";
:vpi_module "C:\iverilog\lib\ivl\v2005_math.vpi";
:vpi_module "C:\iverilog\lib\ivl\va_math.vpi";
S_0000021fb4cca9d0 .scope module, "Projecomtestbench" "Projecomtestbench" 2 2;
 .timescale -9 -12;
v0000021fb4cc68b0_0 .var "clk", 0 0;
v0000021fb4cc6950_0 .var "mod", 1 0;
v0000021fb4cc69f0_0 .net "q", 3 0, v0000021fb4cc6f70_0;  1 drivers
v0000021fb4cc6a90_0 .var "reset", 0 0;
v0000021fb4d13980_0 .var "seri_in", 0 0;
v0000021fb4d13a20_0 .var "veri_in", 3 0;
S_0000021fb4ccbd80 .scope module, "uut" "Projecom" 2 9, 3 1 0, S_0000021fb4cca9d0;
 .timescale 0 0;
    .port_info 0 /INPUT 1 "clk";
    .port_info 1 /INPUT 1 "reset";
    .port_info 2 /INPUT 2 "mod";
    .port_info 3 /INPUT 4 "veri_in";
    .port_info 4 /INPUT 1 "seri_in";
    .port_info 5 /OUTPUT 4 "q";
v0000021fb4ccbf10_0 .net "clk", 0 0, v0000021fb4cc68b0_0;  1 drivers
v0000021fb4cc6d50_0 .net "mod", 1 0, v0000021fb4cc6950_0;  1 drivers
v0000021fb4cc6f70_0 .var "q", 3 0;
v0000021fb4cc66d0_0 .net "reset", 0 0, v0000021fb4cc6a90_0;  1 drivers
v0000021fb4cc6770_0 .net "seri_in", 0 0, v0000021fb4d13980_0;  1 drivers
v0000021fb4cc6810_0 .net "veri_in", 3 0, v0000021fb4d13a20_0;  1 drivers
E_0000021fb4d187e0 .event posedge, v0000021fb4cc66d0_0, v0000021fb4ccbf10_0;
    .scope S_0000021fb4ccbd80;
T_0 ;
    %wait E_0000021fb4d187e0;
    %load/vec4 v0000021fb4cc66d0_0;
    %flag_set/vec4 8;
    %jmp/0xz  T_0.0, 8;
    %pushi/vec4 0, 0, 4;
    %assign/vec4 v0000021fb4cc6f70_0, 0;
    %jmp T_0.1;
T_0.0 ;
    %load/vec4 v0000021fb4cc6d50_0;
    %dup/vec4;
    %pushi/vec4 0, 0, 2;
    %cmp/u;
    %jmp/1 T_0.2, 6;
    %dup/vec4;
    %pushi/vec4 1, 0, 2;
    %cmp/u;
    %jmp/1 T_0.3, 6;
    %dup/vec4;
    %pushi/vec4 2, 0, 2;
    %cmp/u;
    %jmp/1 T_0.4, 6;
    %dup/vec4;
    %pushi/vec4 3, 0, 2;
    %cmp/u;
    %jmp/1 T_0.5, 6;
    %jmp T_0.6;
T_0.2 ;
    %load/vec4 v0000021fb4cc6f70_0;
    %assign/vec4 v0000021fb4cc6f70_0, 0;
    %jmp T_0.6;
T_0.3 ;
    %load/vec4 v0000021fb4cc6770_0;
    %load/vec4 v0000021fb4cc6f70_0;
    %parti/s 3, 1, 2;
    %concat/vec4; draw_concat_vec4
    %assign/vec4 v0000021fb4cc6f70_0, 0;
    %jmp T_0.6;
T_0.4 ;
    %load/vec4 v0000021fb4cc6f70_0;
    %parti/s 3, 0, 2;
    %load/vec4 v0000021fb4cc6770_0;
    %concat/vec4; draw_concat_vec4
    %assign/vec4 v0000021fb4cc6f70_0, 0;
    %jmp T_0.6;
T_0.5 ;
    %load/vec4 v0000021fb4cc6810_0;
    %assign/vec4 v0000021fb4cc6f70_0, 0;
    %jmp T_0.6;
T_0.6 ;
    %pop/vec4 1;
T_0.1 ;
    %jmp T_0;
    .thread T_0;
    .scope S_0000021fb4cca9d0;
T_1 ;
    %delay 5000, 0;
    %load/vec4 v0000021fb4cc68b0_0;
    %inv;
    %store/vec4 v0000021fb4cc68b0_0, 0, 1;
    %jmp T_1;
    .thread T_1;
    .scope S_0000021fb4cca9d0;
T_2 ;
    %vpi_call 2 15 "$dumpfile", "ProjeSonuc.vcd" {0 0 0};
    %vpi_call 2 16 "$dumpvars", 32'sb00000000000000000000000000000000, S_0000021fb4cca9d0 {0 0 0};
    %pushi/vec4 0, 0, 1;
    %store/vec4 v0000021fb4cc68b0_0, 0, 1;
    %pushi/vec4 1, 0, 1;
    %store/vec4 v0000021fb4cc6a90_0, 0, 1;
    %pushi/vec4 0, 0, 2;
    %store/vec4 v0000021fb4cc6950_0, 0, 2;
    %pushi/vec4 0, 0, 4;
    %store/vec4 v0000021fb4d13a20_0, 0, 4;
    %pushi/vec4 0, 0, 1;
    %store/vec4 v0000021fb4d13980_0, 0, 1;
    %delay 12000, 0;
    %pushi/vec4 0, 0, 1;
    %store/vec4 v0000021fb4cc6a90_0, 0, 1;
    %pushi/vec4 3, 0, 2;
    %store/vec4 v0000021fb4cc6950_0, 0, 2;
    %pushi/vec4 11, 0, 4;
    %store/vec4 v0000021fb4d13a20_0, 0, 4;
    %delay 10000, 0;
    %pushi/vec4 1, 0, 2;
    %store/vec4 v0000021fb4cc6950_0, 0, 2;
    %pushi/vec4 0, 0, 1;
    %store/vec4 v0000021fb4d13980_0, 0, 1;
    %delay 10000, 0;
    %pushi/vec4 2, 0, 2;
    %store/vec4 v0000021fb4cc6950_0, 0, 2;
    %pushi/vec4 1, 0, 1;
    %store/vec4 v0000021fb4d13980_0, 0, 1;
    %delay 10000, 0;
    %pushi/vec4 0, 0, 2;
    %store/vec4 v0000021fb4cc6950_0, 0, 2;
    %delay 20000, 0;
    %vpi_call 2 34 "$display", "Simulasyon bitti, GTKWave'i acabilirsiniz." {0 0 0};
    %vpi_call 2 35 "$finish" {0 0 0};
    %end;
    .thread T_2;
# The file index is used to find the file name in the following table.
:file_names 4;
    "N/A";
    "<interactive>";
    "Projecomptestbench.v";
    "Projecomp.v";
